<?xml version="1.0" encoding="UTF-8"?>
<TestRun id="901a4da3-3442-44dd-9b72-98428e087c84" name="Administrator@DESIKAN 2012-08-08 18:13:59" runUser="DESIKAN\Administrator" xmlns="http://microsoft.com/schemas/VisualStudio/TeamTest/2010">
  <TestSettings name="Local" id="f2c4afc6-9382-4691-97df-b6f3a27b204c">
    <Description>These are default test settings for a local test run.</Description>
    <Deployment enabled="false" runDeploymentRoot="Administrator_DESIKAN 2012-08-08 18_13_59">
      <DeploymentItem filename="C:\Documents and Settings\Administrator\my documents\visual studio 2010\Projects\SudokuSolver\SudokuSolver\bin\Debug\SudokuSolver.dll" />
    </Deployment>
    <Execution>
      <TestTypeSpecific />
      <AgentRule name="Execution Agents">
      </AgentRule>
    </Execution>
  </TestSettings>
  <Times creation="2012-08-08T18:13:59.9843750+05:30" queuing="2012-08-08T18:14:00.8125000+05:30" start="2012-08-08T18:14:00.8125000+05:30" finish="2012-08-08T18:14:01.4375000+05:30" />
  <ResultSummary outcome="Completed">
    <Counters total="1" executed="1" passed="1" error="0" failed="0" timeout="0" aborted="0" inconclusive="0" passedButRunAborted="0" notRunnable="0" notExecuted="0" disconnected="0" warning="0" completed="0" inProgress="0" pending="0" />
  </ResultSummary>
  <TestDefinitions>
    <UnitTest name="TestSolve" storage="c:\documents and settings\administrator\my documents\visual studio 2010\projects\sudokusolver\sudokusolvertest\bin\debug\sudokusolvertest.dll" id="148ee9ca-84ae-922d-ee8d-c3c23005f153">
      <Execution id="5f6408cf-70cc-436f-8e3d-9edafbef685b" />
      <TestMethod codeBase="C:/Documents and Settings/Administrator/my documents/visual studio 2010/Projects/SudokuSolver/SudokuSolverTest/bin/Debug/SudokuSolverTest.DLL" adapterTypeName="Microsoft.VisualStudio.TestTools.TestTypes.Unit.UnitTestAdapter, Microsoft.VisualStudio.QualityTools.Tips.UnitTest.Adapter, Version=10.0.0.0, Culture=neutral, PublicKeyToken=b03f5f7f11d50a3a" className="SudokuSolverTest.SudokuTest, SudokuSolverTest, Version=1.0.0.0, Culture=neutral, PublicKeyToken=null" name="TestSolve" />
    </UnitTest>
  </TestDefinitions>
  <TestLists>
    <TestList name="Results Not in a List" id="8c84fa94-04c1-424b-9868-57a2d4851a1d" />
    <TestList name="All Loaded Results" id="19431567-8539-422a-85d7-44ee4e166bda" />
  </TestLists>
  <TestEntries>
    <TestEntry testId="148ee9ca-84ae-922d-ee8d-c3c23005f153" executionId="5f6408cf-70cc-436f-8e3d-9edafbef685b" testListId="8c84fa94-04c1-424b-9868-57a2d4851a1d" />
  </TestEntries>
  <Results>
    <UnitTestResult executionId="5f6408cf-70cc-436f-8e3d-9edafbef685b" testId="148ee9ca-84ae-922d-ee8d-c3c23005f153" testName="TestSolve" computerName="DESIKAN" duration="00:00:00.0307710" startTime="2012-08-08T18:14:00.8125000+05:30" endTime="2012-08-08T18:14:01.0000000+05:30" testType="13cdc9d9-ddb5-4fa4-a97d-d965ccfc6d4b" outcome="Passed" testListId="8c84fa94-04c1-424b-9868-57a2d4851a1d" relativeResultsDirectory="5f6408cf-70cc-436f-8e3d-9edafbef685b">
      <Output>
        <StdOut>got possibility matrix
9        78        8        1        3        2        4        258        2568        
14        5        4        8        9        6        3        7        12        
137        2        6        7        57        4        58        1589        1589        
2345        349        1        6        48        7        258        23589        24589        
8        6        7        5        14        9        2        123        124        
45        49        49        2        148        3        5678        1589        1456789        
6        78        28        3        178        18        9        4        2578        
47        1        3        9        2        5        78        6        78        
27        789        5        4        678        8        1        28        3        
i val : 0
i val : 1
i val : 2
i val : 3
in exlude rowwise for row 3
i val : 3
i val : 4
in exlude rowwise for row 4
i val : 4
in exlude rowwise for row 4
i val : 4
in exlude rowwise for row 4
i val : 4
in exlude rowwise for row 4
i val : 4
in exlude rowwise for row 4
i val : 4
in exlude rowwise for row 4
i val : 4
in exlude rowwise for row 4
i val : 4
in exlude rowwise for row 4
i val : 5
in exlude rowwise for row 5
i val : 5
in exlude rowwise for row 5
i val : 5
in exlude rowwise for row 5
i val : 5
in exlude rowwise for row 5
i val : 5
in exlude rowwise for row 5
i val : 5
in exlude rowwise for row 5
i val : 5
in exlude rowwise for row 5
i val : 5
in exlude rowwise for row 5
i val : 5
in exlude rowwise for row 5
i val : 6
i val : 7
i val : 8
After pile Exclusion 
------- In Pair Elimination ---------------
inside getsegment... movearea, startrow, startcolm 306
inside getsegment... movearea, startrow, startcolm 306
inside getsegment... movearea, startrow, startcolm 333
inside getsegment... movearea, startrow, startcolm 336
inside getsegment... movearea, startrow, startcolm 336
inside getsegment... movearea, startrow, startcolm 333
inside getsegment... movearea, startrow, startcolm 336
inside getsegment... movearea, startrow, startcolm 333
inside getsegment... movearea, startrow, startcolm 336
9        7        8        1        3        2        4        5        6        
1        5        4        8        9        6        3        7        2        
3        2        6        7        5        4        8        19        19        
2        3        1        6        48        7        5        89        49        
8        6        7        5        14        9        2        3        14        
5        4        9        2        18        3        6        18        7        
6        8        2        3        7        1        9        4        5        
4        1        3        9        2        5        7        6        8        
7        9        5        4        6        8        1        2        3</StdOut>
      </Output>
    </UnitTestResult>
  </Results>
</TestRun>