<?xml version="1.0" encoding="UTF-8"?>
<TestRun id="98a75ef1-0714-4b04-8d59-4b40d467d2b0" name="Administrator@DESIKAN 2012-08-14 18:07:35" runUser="DESIKAN\Administrator" xmlns="http://microsoft.com/schemas/VisualStudio/TeamTest/2010">
  <TestSettings name="Local" id="f2c4afc6-9382-4691-97df-b6f3a27b204c">
    <Description>These are default test settings for a local test run.</Description>
    <Deployment enabled="false" runDeploymentRoot="Administrator_DESIKAN 2012-08-14 18_07_35">
      <DeploymentItem filename="C:\Documents and Settings\Administrator\my documents\visual studio 2010\Projects\SudokuSolver\SudokuSolver\bin\Debug\SudokuSolver.dll" />
    </Deployment>
    <Execution>
      <TestTypeSpecific />
      <AgentRule name="Execution Agents">
      </AgentRule>
    </Execution>
  </TestSettings>
  <Times creation="2012-08-14T18:07:35.8281250+05:30" queuing="2012-08-14T18:07:36.6875000+05:30" start="2012-08-14T18:07:36.7031250+05:30" finish="2012-08-14T18:07:37.3593750+05:30" />
  <ResultSummary outcome="Completed">
    <Counters total="1" executed="1" passed="1" error="0" failed="0" timeout="0" aborted="0" inconclusive="0" passedButRunAborted="0" notRunnable="0" notExecuted="0" disconnected="0" warning="0" completed="0" inProgress="0" pending="0" />
  </ResultSummary>
  <TestDefinitions>
    <UnitTest name="TestSolve" storage="c:\documents and settings\administrator\my documents\visual studio 2010\projects\sudokusolver\sudokusolvertest\bin\debug\sudokusolvertest.dll" id="148ee9ca-84ae-922d-ee8d-c3c23005f153">
      <Execution id="fcda426d-2b32-4c5f-933e-2961ad2bca55" />
      <TestMethod codeBase="C:/Documents and Settings/Administrator/my documents/visual studio 2010/Projects/SudokuSolver/SudokuSolverTest/bin/Debug/SudokuSolverTest.DLL" adapterTypeName="Microsoft.VisualStudio.TestTools.TestTypes.Unit.UnitTestAdapter, Microsoft.VisualStudio.QualityTools.Tips.UnitTest.Adapter, Version=10.0.0.0, Culture=neutral, PublicKeyToken=b03f5f7f11d50a3a" className="SudokuSolverTest.SudokuTest, SudokuSolverTest, Version=1.0.0.0, Culture=neutral, PublicKeyToken=null" name="TestSolve" />
    </UnitTest>
  </TestDefinitions>
  <TestLists>
    <TestList name="Results Not in a List" id="8c84fa94-04c1-424b-9868-57a2d4851a1d" />
    <TestList name="All Loaded Results" id="19431567-8539-422a-85d7-44ee4e166bda" />
  </TestLists>
  <TestEntries>
    <TestEntry testId="148ee9ca-84ae-922d-ee8d-c3c23005f153" executionId="fcda426d-2b32-4c5f-933e-2961ad2bca55" testListId="8c84fa94-04c1-424b-9868-57a2d4851a1d" />
  </TestEntries>
  <Results>
    <UnitTestResult executionId="fcda426d-2b32-4c5f-933e-2961ad2bca55" testId="148ee9ca-84ae-922d-ee8d-c3c23005f153" testName="TestSolve" computerName="DESIKAN" duration="00:00:00.0265345" startTime="2012-08-14T18:07:36.7031250+05:30" endTime="2012-08-14T18:07:36.9218750+05:30" testType="13cdc9d9-ddb5-4fa4-a97d-d965ccfc6d4b" outcome="Passed" testListId="8c84fa94-04c1-424b-9868-57a2d4851a1d" relativeResultsDirectory="fcda426d-2b32-4c5f-933e-2961ad2bca55">
      <Output>
        <StdOut>----------- Remove redundancy Postition of 7
removing 1
count of this position is : 3
removing 5
count of this position is : 3
----------- Remove redundancy Postition of 7
----------- Remove redundancy Postition of 7
----------- Remove redundancy Postition of 7
----------- Remove redundancy Postition of 7
----------- Remove redundancy Postition of 7
----------- Remove redundancy Postition of 7
----------- Remove redundancy Postition of 7
----------- Remove redundancy Postition of 7
----------- Remove redundancy Postition of 7
----------- Remove redundancy Postition of 7
----------- Remove redundancy Postition of 7
----------- Remove redundancy Postition of 7
----------- Remove redundancy Postition of 7
----------- Remove redundancy Postition of 7
----------- Remove redundancy Postition of 7
----------- Remove redundancy Postition of 7
----------- Remove redundancy Postition of 7
----------- Remove redundancy Postition of 7
----------- Remove redundancy Postition of 7
----------- Remove redundancy Postition of 7
----------- Remove redundancy Postition of 7
----------- Remove redundancy Postition of 7
----------- Remove redundancy Postition of 7
----------- Remove redundancy Postition of 7
----------- Remove redundancy Postition of 7
----------- Remove redundancy Postition of 7
----------- Remove redundancy Postition of 7
----------- Remove redundancy Postition of 7
----------- Remove redundancy Postition of 7
----------- Remove redundancy Postition of 7
----------- Remove redundancy Postition of 7
----------- Remove redundancy Postition of 7
----------- Remove redundancy Postition of 7
----------- Remove redundancy Postition of 7
----------- Remove redundancy Postition of 7
----------- Remove redundancy Postition of 7
----------- Remove redundancy Postition of 7
----------- Remove redundancy Postition of 7
----------- Remove redundancy Postition of 7
----------- Remove redundancy Postition of 7
----------- Remove redundancy Postition of 7
----------- Remove redundancy Postition of 7
----------- Remove redundancy Postition of 7
----------- Remove redundancy Postition of 7
----------- Remove redundancy Postition of 7
----------- Remove redundancy Postition of 7
----------- Remove redundancy Postition of 7
----------- Remove redundancy Postition of 7
----------- Remove redundancy Postition of 7
----------- Remove redundancy Postition of 7
----------- Remove redundancy Postition of 7
----------- Remove redundancy Postition of 7
----------- Remove redundancy Postition of 7
----------- Remove redundancy Postition of 7
----------- Remove redundancy Postition of 7
----------- Remove redundancy Postition of 7
----------- Remove redundancy Postition of 7
----------- Remove redundancy Postition of 7
----------- Remove redundancy Postition of 7
----------- Remove redundancy Postition of 7
----------- Remove redundancy Postition of 7
----------- Remove redundancy Postition of 7
----------- Remove redundancy Postition of 7
----------- Remove redundancy Postition of 7
----------- Remove redundancy Postition of 7
----------- Remove redundancy Postition of 7
----------- Remove redundancy Postition of 7
----------- Remove redundancy Postition of 7
----------- Remove redundancy Postition of 7
----------- Remove redundancy Postition of 7
----------- Remove redundancy Postition of 7
----------- Remove redundancy Postition of 7
----------- Remove redundancy Postition of 7
----------- Remove redundancy Postition of 7
----------- Remove redundancy Postition of 7
----------- Remove redundancy Postition of 7
----------- Remove redundancy Postition of 7
----------- Remove redundancy Postition of 7
----------- Remove redundancy Postition of 7
----------- Remove redundancy Postition of 7
----------- Remove redundancy Postition of 7
----------- Remove redundancy Postition of 7
----------- Remove redundancy Postition of 7
----------- Remove redundancy Postition of 7
----------- Remove redundancy Postition of 7
----------- Remove redundancy Postition of 7
----------- Remove redundancy Postition of 7
----------- Remove redundancy Postition of 7
----------- Remove redundancy Postition of 7
----------- Remove redundancy Postition of 7
----------- Remove redundancy Postition of 7
----------- Remove redundancy Postition of 7
----------- Remove redundancy Postition of 7
----------- Remove redundancy Postition of 7
----------- Remove redundancy Postition of 7
----------- Remove redundancy Postition of 7
----------- Remove redundancy Postition of 7
----------- Remove redundancy Postition of 7
----------- Remove redundancy Postition of 7
------- In Pair Elimination ---------------
removing 9
removing 9
inside getsegment... movearea, startrow, startcolm 300
inside getsegment... movearea, startrow, startcolm 306
inside getsegment... movearea, startrow, startcolm 303
inside getsegment... movearea, startrow, startcolm 306
inside getsegment... movearea, startrow, startcolm 300
inside getsegment... movearea, startrow, startcolm 330
inside getsegment... movearea, startrow, startcolm 336
inside getsegment... movearea, startrow, startcolm 330
inside getsegment... movearea, startrow, startcolm 336
inside getsegment... movearea, startrow, startcolm 363
inside getsegment... movearea, startrow, startcolm 363
inside getsegment... movearea, startrow, startcolm 363
inside getsegment... movearea, startrow, startcolm 363
inside getsegment... movearea, startrow, startcolm 363
inside getsegment... movearea, startrow, startcolm 363
inside getsegment... movearea, startrow, startcolm 300
inside getsegment... movearea, startrow, startcolm 306
inside getsegment... movearea, startrow, startcolm 303
inside getsegment... movearea, startrow, startcolm 306
inside getsegment... movearea, startrow, startcolm 300
inside getsegment... movearea, startrow, startcolm 330
inside getsegment... movearea, startrow, startcolm 336
inside getsegment... movearea, startrow, startcolm 330
inside getsegment... movearea, startrow, startcolm 336
inside getsegment... movearea, startrow, startcolm 363
inside getsegment... movearea, startrow, startcolm 363
inside getsegment... movearea, startrow, startcolm 363
inside getsegment... movearea, startrow, startcolm 363
inside getsegment... movearea, startrow, startcolm 363
inside getsegment... movearea, startrow, startcolm 363
----------- Remove redundancy Postition of 7
----------- Remove redundancy Postition of 7
----------- Remove redundancy Postition of 7
----------- Remove redundancy Postition of 7
----------- Remove redundancy Postition of 7
----------- Remove redundancy Postition of 7
----------- Remove redundancy Postition of 7
----------- Remove redundancy Postition of 7
----------- Remove redundancy Postition of 7
----------- Remove redundancy Postition of 7
----------- Remove redundancy Postition of 7
----------- Remove redundancy Postition of 7
----------- Remove redundancy Postition of 7
----------- Remove redundancy Postition of 7
----------- Remove redundancy Postition of 7
----------- Remove redundancy Postition of 7
----------- Remove redundancy Postition of 7
----------- Remove redundancy Postition of 7
19        4        2        5        13689        13689        7        38        369        
5        7        3        68        689        2        89        1        4        
19        6        8        134        1349        7        2        5        39        
2        59        7        138        13589        13589        4        6        39        
3        59        6        478        245789        589        589        28        1        
8        1        4        36        23569        3569        59        23        7        
4        2        1        9        56        56        3        7        8        
7        8        9        2        13        13        6        4        5        
6        3        5        78        78        4        1        9        2</StdOut>
      </Output>
    </UnitTestResult>
  </Results>
</TestRun>