<?xml version="1.0" encoding="UTF-8"?>
<TestRun id="ffe017d7-1198-4d93-9e87-1b295afb2fd3" name="Administrator@DESIKAN 2012-08-14 18:43:12" runUser="DESIKAN\Administrator" xmlns="http://microsoft.com/schemas/VisualStudio/TeamTest/2010">
  <TestSettings name="Local" id="f2c4afc6-9382-4691-97df-b6f3a27b204c">
    <Description>These are default test settings for a local test run.</Description>
    <Deployment enabled="false" runDeploymentRoot="Administrator_DESIKAN 2012-08-14 18_43_12">
      <DeploymentItem filename="C:\Documents and Settings\Administrator\my documents\visual studio 2010\Projects\SudokuSolver\SudokuSolver\bin\Debug\SudokuSolver.dll" />
    </Deployment>
    <Execution>
      <TestTypeSpecific />
      <AgentRule name="Execution Agents">
      </AgentRule>
    </Execution>
  </TestSettings>
  <Times creation="2012-08-14T18:43:12.3750000+05:30" queuing="2012-08-14T18:43:13.2656250+05:30" start="2012-08-14T18:43:13.2656250+05:30" finish="2012-08-14T18:43:13.8593750+05:30" />
  <ResultSummary outcome="Completed">
    <Counters total="1" executed="1" passed="1" error="0" failed="0" timeout="0" aborted="0" inconclusive="0" passedButRunAborted="0" notRunnable="0" notExecuted="0" disconnected="0" warning="0" completed="0" inProgress="0" pending="0" />
  </ResultSummary>
  <TestDefinitions>
    <UnitTest name="TestSolve" storage="c:\documents and settings\administrator\my documents\visual studio 2010\projects\sudokusolver\sudokusolvertest\bin\debug\sudokusolvertest.dll" id="148ee9ca-84ae-922d-ee8d-c3c23005f153">
      <Execution id="fcbd27a8-9797-42b1-a75a-9165dfba9af8" />
      <TestMethod codeBase="C:/Documents and Settings/Administrator/my documents/visual studio 2010/Projects/SudokuSolver/SudokuSolverTest/bin/Debug/SudokuSolverTest.DLL" adapterTypeName="Microsoft.VisualStudio.TestTools.TestTypes.Unit.UnitTestAdapter, Microsoft.VisualStudio.QualityTools.Tips.UnitTest.Adapter, Version=10.0.0.0, Culture=neutral, PublicKeyToken=b03f5f7f11d50a3a" className="SudokuSolverTest.SudokuTest, SudokuSolverTest, Version=1.0.0.0, Culture=neutral, PublicKeyToken=null" name="TestSolve" />
    </UnitTest>
  </TestDefinitions>
  <TestLists>
    <TestList name="Results Not in a List" id="8c84fa94-04c1-424b-9868-57a2d4851a1d" />
    <TestList name="All Loaded Results" id="19431567-8539-422a-85d7-44ee4e166bda" />
  </TestLists>
  <TestEntries>
    <TestEntry testId="148ee9ca-84ae-922d-ee8d-c3c23005f153" executionId="fcbd27a8-9797-42b1-a75a-9165dfba9af8" testListId="8c84fa94-04c1-424b-9868-57a2d4851a1d" />
  </TestEntries>
  <Results>
    <UnitTestResult executionId="fcbd27a8-9797-42b1-a75a-9165dfba9af8" testId="148ee9ca-84ae-922d-ee8d-c3c23005f153" testName="TestSolve" computerName="DESIKAN" duration="00:00:00.0882581" startTime="2012-08-14T18:43:13.2656250+05:30" endTime="2012-08-14T18:43:13.5625000+05:30" testType="13cdc9d9-ddb5-4fa4-a97d-d965ccfc6d4b" outcome="Passed" testListId="8c84fa94-04c1-424b-9868-57a2d4851a1d" relativeResultsDirectory="fcbd27a8-9797-42b1-a75a-9165dfba9af8">
      <Output>
        <StdOut>i val : 0
i val : 1
i val : 2
i val : 3
in exlude rowwise for row 3
----------- Remove redundancy Postition of 7
169        4        12679        5        13689        13689        2789        2378        23689        
569        5679        3        68        689        2        789        1        4        
169        69        8        1346        13469        7        29        5        2369        
2        579        579        1378        135789        13589        4        6        3589        
3        5679        5679        4678        2456789        5689        2589        28        1        
5689        1        4        368        235689        35689        2589        238        7        
1456        2        156        9        15678        1568        3        478        58        
7        8        159        2        135        135        6        4        5        
156        356        156        13678        135678        4        12578        9        258        
removing 1
count of this position is : 3
169        4        12679        5        13689        13689        2789        2378        23689        
569        5679        3        68        689        2        789        1        4        
169        69        8        1346        13469        7        29        5        2369        
2        579        579        1378        135789        13589        4        6        3589        
3        5679        5679        4678        2456789        5689        2589        28        1        
5689        1        4        368        235689        35689        2589        238        7        
1456        2        156        9        15678        1568        3        478        58        
7        8        159        2        135        135        6        4        5        
156        356        156        13678        135678        4        12578        9        258        
removing 5
count of this position is : 3
----------- Remove redundancy Postition of 7
----------- Remove redundancy Postition of 7
----------- Remove redundancy Postition of 7
----------- Remove redundancy Postition of 7
----------- Remove redundancy Postition of 7
----------- Remove redundancy Postition of 7
----------- Remove redundancy Postition of 7
----------- Remove redundancy Postition of 7
----------- Remove redundancy Postition of 7
----------- Remove redundancy Postition of 7
----------- Remove redundancy Postition of 7
----------- Remove redundancy Postition of 7
----------- Remove redundancy Postition of 7
----------- Remove redundancy Postition of 7
----------- Remove redundancy Postition of 7
----------- Remove redundancy Postition of 7
----------- Remove redundancy Postition of 7
----------- Remove redundancy Postition of 7
----------- Remove redundancy Postition of 7
----------- Remove redundancy Postition of 7
----------- Remove redundancy Postition of 7
----------- Remove redundancy Postition of 7
----------- Remove redundancy Postition of 7
----------- Remove redundancy Postition of 7
----------- Remove redundancy Postition of 7
----------- Remove redundancy Postition of 7
----------- Remove redundancy Postition of 7
----------- Remove redundancy Postition of 7
----------- Remove redundancy Postition of 7
----------- Remove redundancy Postition of 7
----------- Remove redundancy Postition of 7
----------- Remove redundancy Postition of 7
----------- Remove redundancy Postition of 7
----------- Remove redundancy Postition of 7
----------- Remove redundancy Postition of 7
----------- Remove redundancy Postition of 7
----------- Remove redundancy Postition of 7
----------- Remove redundancy Postition of 7
----------- Remove redundancy Postition of 7
----------- Remove redundancy Postition of 7
----------- Remove redundancy Postition of 7
----------- Remove redundancy Postition of 7
----------- Remove redundancy Postition of 7
----------- Remove redundancy Postition of 7
----------- Remove redundancy Postition of 7
----------- Remove redundancy Postition of 7
----------- Remove redundancy Postition of 7
----------- Remove redundancy Postition of 7
----------- Remove redundancy Postition of 7
----------- Remove redundancy Postition of 7
----------- Remove redundancy Postition of 7
----------- Remove redundancy Postition of 7
----------- Remove redundancy Postition of 7
----------- Remove redundancy Postition of 7
----------- Remove redundancy Postition of 7
----------- Remove redundancy Postition of 7
----------- Remove redundancy Postition of 7
----------- Remove redundancy Postition of 7
----------- Remove redundancy Postition of 7
----------- Remove redundancy Postition of 7
----------- Remove redundancy Postition of 7
----------- Remove redundancy Postition of 7
----------- Remove redundancy Postition of 7
----------- Remove redundancy Postition of 7
----------- Remove redundancy Postition of 7
----------- Remove redundancy Postition of 7
----------- Remove redundancy Postition of 7
----------- Remove redundancy Postition of 7
----------- Remove redundancy Postition of 7
----------- Remove redundancy Postition of 7
----------- Remove redundancy Postition of 7
----------- Remove redundancy Postition of 7
----------- Remove redundancy Postition of 7
----------- Remove redundancy Postition of 7
----------- Remove redundancy Postition of 7
----------- Remove redundancy Postition of 7
----------- Remove redundancy Postition of 7
----------- Remove redundancy Postition of 7
----------- Remove redundancy Postition of 7
----------- Remove redundancy Postition of 7
----------- Remove redundancy Postition of 7
----------- Remove redundancy Postition of 7
----------- Remove redundancy Postition of 7
----------- Remove redundancy Postition of 7
----------- Remove redundancy Postition of 7
----------- Remove redundancy Postition of 7
----------- Remove redundancy Postition of 7
----------- Remove redundancy Postition of 7
----------- Remove redundancy Postition of 7
----------- Remove redundancy Postition of 7
----------- Remove redundancy Postition of 7
----------- Remove redundancy Postition of 7
----------- Remove redundancy Postition of 7
----------- Remove redundancy Postition of 7
----------- Remove redundancy Postition of 7
----------- Remove redundancy Postition of 7
----------- Remove redundancy Postition of 7
----------- Remove redundancy Postition of 7
i val : 3
in exlude rowwise for row 3
----------- Remove redundancy Postition of 7
----------- Remove redundancy Postition of 7
----------- Remove redundancy Postition of 7
----------- Remove redundancy Postition of 7
----------- Remove redundancy Postition of 7
----------- Remove redundancy Postition of 7
----------- Remove redundancy Postition of 7
----------- Remove redundancy Postition of 7
----------- Remove redundancy Postition of 7
i val : 3
in exlude rowwise for row 3
----------- Remove redundancy Postition of 7
----------- Remove redundancy Postition of 7
----------- Remove redundancy Postition of 7
----------- Remove redundancy Postition of 7
----------- Remove redundancy Postition of 7
----------- Remove redundancy Postition of 7
----------- Remove redundancy Postition of 7
----------- Remove redundancy Postition of 7
----------- Remove redundancy Postition of 7
i val : 3
in exlude rowwise for row 3
----------- Remove redundancy Postition of 7
----------- Remove redundancy Postition of 7
----------- Remove redundancy Postition of 7
----------- Remove redundancy Postition of 7
----------- Remove redundancy Postition of 7
----------- Remove redundancy Postition of 7
----------- Remove redundancy Postition of 7
----------- Remove redundancy Postition of 7
----------- Remove redundancy Postition of 7
i val : 3
in exlude rowwise for row 3
----------- Remove redundancy Postition of 7
----------- Remove redundancy Postition of 7
----------- Remove redundancy Postition of 7
----------- Remove redundancy Postition of 7
----------- Remove redundancy Postition of 7
----------- Remove redundancy Postition of 7
----------- Remove redundancy Postition of 7
----------- Remove redundancy Postition of 7
----------- Remove redundancy Postition of 7
i val : 3
in exlude rowwise for row 3
----------- Remove redundancy Postition of 7
----------- Remove redundancy Postition of 7
----------- Remove redundancy Postition of 7
----------- Remove redundancy Postition of 7
----------- Remove redundancy Postition of 7
----------- Remove redundancy Postition of 7
----------- Remove redundancy Postition of 7
----------- Remove redundancy Postition of 7
----------- Remove redundancy Postition of 7
i val : 3
in exlude rowwise for row 3
----------- Remove redundancy Postition of 7
----------- Remove redundancy Postition of 7
----------- Remove redundancy Postition of 7
----------- Remove redundancy Postition of 7
----------- Remove redundancy Postition of 7
----------- Remove redundancy Postition of 7
----------- Remove redundancy Postition of 7
----------- Remove redundancy Postition of 7
----------- Remove redundancy Postition of 7
i val : 3
in exlude rowwise for row 3
----------- Remove redundancy Postition of 7
----------- Remove redundancy Postition of 7
----------- Remove redundancy Postition of 7
----------- Remove redundancy Postition of 7
----------- Remove redundancy Postition of 7
----------- Remove redundancy Postition of 7
----------- Remove redundancy Postition of 7
----------- Remove redundancy Postition of 7
----------- Remove redundancy Postition of 7
i val : 4
in exlude rowwise for row 4
going to remove element 8
going to remove element 2
going to remove element 5
going to remove element 8
going to remove element 9
----------- Remove redundancy Postition of 7
----------- Remove redundancy Postition of 7
----------- Remove redundancy Postition of 7
----------- Remove redundancy Postition of 7
----------- Remove redundancy Postition of 7
----------- Remove redundancy Postition of 7
----------- Remove redundancy Postition of 7
----------- Remove redundancy Postition of 7
----------- Remove redundancy Postition of 7
i val : 4
in exlude rowwise for row 4
----------- Remove redundancy Postition of 7
----------- Remove redundancy Postition of 7
----------- Remove redundancy Postition of 7
----------- Remove redundancy Postition of 7
----------- Remove redundancy Postition of 7
----------- Remove redundancy Postition of 7
----------- Remove redundancy Postition of 7
----------- Remove redundancy Postition of 7
----------- Remove redundancy Postition of 7
----------- Remove redundancy Postition of 7
----------- Remove redundancy Postition of 7
----------- Remove redundancy Postition of 7
----------- Remove redundancy Postition of 7
----------- Remove redundancy Postition of 7
----------- Remove redundancy Postition of 7
----------- Remove redundancy Postition of 7
----------- Remove redundancy Postition of 7
----------- Remove redundancy Postition of 7
i val : 4
in exlude rowwise for row 4
----------- Remove redundancy Postition of 7
----------- Remove redundancy Postition of 7
----------- Remove redundancy Postition of 7
----------- Remove redundancy Postition of 7
----------- Remove redundancy Postition of 7
----------- Remove redundancy Postition of 7
----------- Remove redundancy Postition of 7
----------- Remove redundancy Postition of 7
----------- Remove redundancy Postition of 7
i val : 4
in exlude rowwise for row 4
----------- Remove redundancy Postition of 7
----------- Remove redundancy Postition of 7
----------- Remove redundancy Postition of 7
----------- Remove redundancy Postition of 7
----------- Remove redundancy Postition of 7
----------- Remove redundancy Postition of 7
----------- Remove redundancy Postition of 7
----------- Remove redundancy Postition of 7
----------- Remove redundancy Postition of 7
i val : 4
in exlude rowwise for row 4
----------- Remove redundancy Postition of 7
----------- Remove redundancy Postition of 7
----------- Remove redundancy Postition of 7
----------- Remove redundancy Postition of 7
----------- Remove redundancy Postition of 7
----------- Remove redundancy Postition of 7
----------- Remove redundancy Postition of 7
----------- Remove redundancy Postition of 7
----------- Remove redundancy Postition of 7
i val : 4
in exlude rowwise for row 4
----------- Remove redundancy Postition of 7
----------- Remove redundancy Postition of 7
----------- Remove redundancy Postition of 7
----------- Remove redundancy Postition of 7
----------- Remove redundancy Postition of 7
----------- Remove redundancy Postition of 7
----------- Remove redundancy Postition of 7
----------- Remove redundancy Postition of 7
----------- Remove redundancy Postition of 7
i val : 4
in exlude rowwise for row 4
----------- Remove redundancy Postition of 7
----------- Remove redundancy Postition of 7
----------- Remove redundancy Postition of 7
----------- Remove redundancy Postition of 7
----------- Remove redundancy Postition of 7
----------- Remove redundancy Postition of 7
----------- Remove redundancy Postition of 7
----------- Remove redundancy Postition of 7
----------- Remove redundancy Postition of 7
i val : 4
in exlude rowwise for row 4
----------- Remove redundancy Postition of 7
----------- Remove redundancy Postition of 7
----------- Remove redundancy Postition of 7
----------- Remove redundancy Postition of 7
----------- Remove redundancy Postition of 7
----------- Remove redundancy Postition of 7
----------- Remove redundancy Postition of 7
----------- Remove redundancy Postition of 7
----------- Remove redundancy Postition of 7
i val : 4
in exlude rowwise for row 4
----------- Remove redundancy Postition of 7
----------- Remove redundancy Postition of 7
----------- Remove redundancy Postition of 7
----------- Remove redundancy Postition of 7
----------- Remove redundancy Postition of 7
----------- Remove redundancy Postition of 7
----------- Remove redundancy Postition of 7
----------- Remove redundancy Postition of 7
----------- Remove redundancy Postition of 7
i val : 5
i val : 6
in exlude rowwise for row 6
----------- Remove redundancy Postition of 7
----------- Remove redundancy Postition of 7
----------- Remove redundancy Postition of 7
----------- Remove redundancy Postition of 7
----------- Remove redundancy Postition of 7
----------- Remove redundancy Postition of 7
----------- Remove redundancy Postition of 7
----------- Remove redundancy Postition of 7
----------- Remove redundancy Postition of 7
i val : 6
in exlude rowwise for row 6
----------- Remove redundancy Postition of 7
----------- Remove redundancy Postition of 7
----------- Remove redundancy Postition of 7
----------- Remove redundancy Postition of 7
----------- Remove redundancy Postition of 7
----------- Remove redundancy Postition of 7
----------- Remove redundancy Postition of 7
----------- Remove redundancy Postition of 7
----------- Remove redundancy Postition of 7
i val : 6
in exlude rowwise for row 6
----------- Remove redundancy Postition of 7
----------- Remove redundancy Postition of 7
----------- Remove redundancy Postition of 7
----------- Remove redundancy Postition of 7
----------- Remove redundancy Postition of 7
----------- Remove redundancy Postition of 7
----------- Remove redundancy Postition of 7
----------- Remove redundancy Postition of 7
----------- Remove redundancy Postition of 7
i val : 6
in exlude rowwise for row 6
----------- Remove redundancy Postition of 7
----------- Remove redundancy Postition of 7
----------- Remove redundancy Postition of 7
----------- Remove redundancy Postition of 7
----------- Remove redundancy Postition of 7
----------- Remove redundancy Postition of 7
----------- Remove redundancy Postition of 7
----------- Remove redundancy Postition of 7
----------- Remove redundancy Postition of 7
i val : 6
in exlude rowwise for row 6
----------- Remove redundancy Postition of 7
----------- Remove redundancy Postition of 7
----------- Remove redundancy Postition of 7
----------- Remove redundancy Postition of 7
----------- Remove redundancy Postition of 7
----------- Remove redundancy Postition of 7
----------- Remove redundancy Postition of 7
----------- Remove redundancy Postition of 7
----------- Remove redundancy Postition of 7
i val : 6
in exlude rowwise for row 6
----------- Remove redundancy Postition of 7
----------- Remove redundancy Postition of 7
----------- Remove redundancy Postition of 7
----------- Remove redundancy Postition of 7
----------- Remove redundancy Postition of 7
----------- Remove redundancy Postition of 7
----------- Remove redundancy Postition of 7
----------- Remove redundancy Postition of 7
----------- Remove redundancy Postition of 7
i val : 6
in exlude rowwise for row 6
----------- Remove redundancy Postition of 7
----------- Remove redundancy Postition of 7
----------- Remove redundancy Postition of 7
----------- Remove redundancy Postition of 7
----------- Remove redundancy Postition of 7
----------- Remove redundancy Postition of 7
----------- Remove redundancy Postition of 7
----------- Remove redundancy Postition of 7
----------- Remove redundancy Postition of 7
i val : 6
in exlude rowwise for row 6
----------- Remove redundancy Postition of 7
----------- Remove redundancy Postition of 7
----------- Remove redundancy Postition of 7
----------- Remove redundancy Postition of 7
----------- Remove redundancy Postition of 7
----------- Remove redundancy Postition of 7
----------- Remove redundancy Postition of 7
----------- Remove redundancy Postition of 7
----------- Remove redundancy Postition of 7
i val : 7
in exlude rowwise for row 7
----------- Remove redundancy Postition of 7
----------- Remove redundancy Postition of 7
----------- Remove redundancy Postition of 7
----------- Remove redundancy Postition of 7
----------- Remove redundancy Postition of 7
----------- Remove redundancy Postition of 7
----------- Remove redundancy Postition of 7
----------- Remove redundancy Postition of 7
----------- Remove redundancy Postition of 7
i val : 7
in exlude rowwise for row 7
----------- Remove redundancy Postition of 7
----------- Remove redundancy Postition of 7
----------- Remove redundancy Postition of 7
----------- Remove redundancy Postition of 7
----------- Remove redundancy Postition of 7
----------- Remove redundancy Postition of 7
----------- Remove redundancy Postition of 7
----------- Remove redundancy Postition of 7
----------- Remove redundancy Postition of 7
i val : 7
in exlude rowwise for row 7
----------- Remove redundancy Postition of 7
----------- Remove redundancy Postition of 7
----------- Remove redundancy Postition of 7
----------- Remove redundancy Postition of 7
----------- Remove redundancy Postition of 7
----------- Remove redundancy Postition of 7
----------- Remove redundancy Postition of 7
----------- Remove redundancy Postition of 7
----------- Remove redundancy Postition of 7
i val : 7
in exlude rowwise for row 7
----------- Remove redundancy Postition of 7
----------- Remove redundancy Postition of 7
----------- Remove redundancy Postition of 7
----------- Remove redundancy Postition of 7
----------- Remove redundancy Postition of 7
----------- Remove redundancy Postition of 7
----------- Remove redundancy Postition of 7
----------- Remove redundancy Postition of 7
----------- Remove redundancy Postition of 7
i val : 7
in exlude rowwise for row 7
----------- Remove redundancy Postition of 7
----------- Remove redundancy Postition of 7
----------- Remove redundancy Postition of 7
----------- Remove redundancy Postition of 7
----------- Remove redundancy Postition of 7
----------- Remove redundancy Postition of 7
----------- Remove redundancy Postition of 7
----------- Remove redundancy Postition of 7
----------- Remove redundancy Postition of 7
i val : 7
in exlude rowwise for row 7
----------- Remove redundancy Postition of 7
----------- Remove redundancy Postition of 7
----------- Remove redundancy Postition of 7
----------- Remove redundancy Postition of 7
----------- Remove redundancy Postition of 7
----------- Remove redundancy Postition of 7
----------- Remove redundancy Postition of 7
----------- Remove redundancy Postition of 7
----------- Remove redundancy Postition of 7
i val : 7
in exlude rowwise for row 7
----------- Remove redundancy Postition of 7
----------- Remove redundancy Postition of 7
----------- Remove redundancy Postition of 7
----------- Remove redundancy Postition of 7
----------- Remove redundancy Postition of 7
----------- Remove redundancy Postition of 7
----------- Remove redundancy Postition of 7
----------- Remove redundancy Postition of 7
----------- Remove redundancy Postition of 7
i val : 7
in exlude rowwise for row 7
----------- Remove redundancy Postition of 7
----------- Remove redundancy Postition of 7
----------- Remove redundancy Postition of 7
----------- Remove redundancy Postition of 7
----------- Remove redundancy Postition of 7
----------- Remove redundancy Postition of 7
----------- Remove redundancy Postition of 7
----------- Remove redundancy Postition of 7
----------- Remove redundancy Postition of 7
i val : 7
in exlude rowwise for row 7
----------- Remove redundancy Postition of 7
----------- Remove redundancy Postition of 7
----------- Remove redundancy Postition of 7
----------- Remove redundancy Postition of 7
----------- Remove redundancy Postition of 7
----------- Remove redundancy Postition of 7
----------- Remove redundancy Postition of 7
----------- Remove redundancy Postition of 7
----------- Remove redundancy Postition of 7
i val : 8
in exlude rowwise for row 8
----------- Remove redundancy Postition of 7
----------- Remove redundancy Postition of 7
----------- Remove redundancy Postition of 7
----------- Remove redundancy Postition of 7
----------- Remove redundancy Postition of 7
----------- Remove redundancy Postition of 7
----------- Remove redundancy Postition of 7
----------- Remove redundancy Postition of 7
----------- Remove redundancy Postition of 7
i val : 8
in exlude rowwise for row 8
----------- Remove redundancy Postition of 7
----------- Remove redundancy Postition of 7
----------- Remove redundancy Postition of 7
----------- Remove redundancy Postition of 7
----------- Remove redundancy Postition of 7
----------- Remove redundancy Postition of 7
----------- Remove redundancy Postition of 7
----------- Remove redundancy Postition of 7
----------- Remove redundancy Postition of 7
i val : 8
in exlude rowwise for row 8
----------- Remove redundancy Postition of 7
----------- Remove redundancy Postition of 7
----------- Remove redundancy Postition of 7
----------- Remove redundancy Postition of 7
----------- Remove redundancy Postition of 7
----------- Remove redundancy Postition of 7
----------- Remove redundancy Postition of 7
----------- Remove redundancy Postition of 7
----------- Remove redundancy Postition of 7
i val : 8
in exlude rowwise for row 8
----------- Remove redundancy Postition of 7
----------- Remove redundancy Postition of 7
----------- Remove redundancy Postition of 7
----------- Remove redundancy Postition of 7
----------- Remove redundancy Postition of 7
----------- Remove redundancy Postition of 7
----------- Remove redundancy Postition of 7
----------- Remove redundancy Postition of 7
----------- Remove redundancy Postition of 7
i val : 8
in exlude rowwise for row 8
----------- Remove redundancy Postition of 7
----------- Remove redundancy Postition of 7
----------- Remove redundancy Postition of 7
----------- Remove redundancy Postition of 7
----------- Remove redundancy Postition of 7
----------- Remove redundancy Postition of 7
----------- Remove redundancy Postition of 7
----------- Remove redundancy Postition of 7
----------- Remove redundancy Postition of 7
i val : 8
in exlude rowwise for row 8
----------- Remove redundancy Postition of 7
----------- Remove redundancy Postition of 7
----------- Remove redundancy Postition of 7
----------- Remove redundancy Postition of 7
----------- Remove redundancy Postition of 7
----------- Remove redundancy Postition of 7
----------- Remove redundancy Postition of 7
----------- Remove redundancy Postition of 7
----------- Remove redundancy Postition of 7
i val : 8
in exlude rowwise for row 8
----------- Remove redundancy Postition of 7
----------- Remove redundancy Postition of 7
----------- Remove redundancy Postition of 7
----------- Remove redundancy Postition of 7
----------- Remove redundancy Postition of 7
----------- Remove redundancy Postition of 7
----------- Remove redundancy Postition of 7
----------- Remove redundancy Postition of 7
----------- Remove redundancy Postition of 7
i val : 8
in exlude rowwise for row 8
----------- Remove redundancy Postition of 7
----------- Remove redundancy Postition of 7
----------- Remove redundancy Postition of 7
----------- Remove redundancy Postition of 7
----------- Remove redundancy Postition of 7
----------- Remove redundancy Postition of 7
----------- Remove redundancy Postition of 7
----------- Remove redundancy Postition of 7
----------- Remove redundancy Postition of 7
i val : 8
in exlude rowwise for row 8
----------- Remove redundancy Postition of 7
----------- Remove redundancy Postition of 7
----------- Remove redundancy Postition of 7
----------- Remove redundancy Postition of 7
----------- Remove redundancy Postition of 7
----------- Remove redundancy Postition of 7
----------- Remove redundancy Postition of 7
----------- Remove redundancy Postition of 7
----------- Remove redundancy Postition of 7
inside Exclude column wise 4
----------- Remove redundancy Postition of 7
----------- Remove redundancy Postition of 7
----------- Remove redundancy Postition of 7
----------- Remove redundancy Postition of 7
----------- Remove redundancy Postition of 7
----------- Remove redundancy Postition of 7
----------- Remove redundancy Postition of 7
----------- Remove redundancy Postition of 7
----------- Remove redundancy Postition of 7
inside Exclude column wise 4
----------- Remove redundancy Postition of 7
----------- Remove redundancy Postition of 7
----------- Remove redundancy Postition of 7
----------- Remove redundancy Postition of 7
----------- Remove redundancy Postition of 7
----------- Remove redundancy Postition of 7
----------- Remove redundancy Postition of 7
----------- Remove redundancy Postition of 7
----------- Remove redundancy Postition of 7
inside Exclude column wise 4
----------- Remove redundancy Postition of 7
----------- Remove redundancy Postition of 7
----------- Remove redundancy Postition of 7
----------- Remove redundancy Postition of 7
----------- Remove redundancy Postition of 7
----------- Remove redundancy Postition of 7
----------- Remove redundancy Postition of 7
----------- Remove redundancy Postition of 7
----------- Remove redundancy Postition of 7
inside Exclude column wise 4
----------- Remove redundancy Postition of 7
----------- Remove redundancy Postition of 7
----------- Remove redundancy Postition of 7
----------- Remove redundancy Postition of 7
----------- Remove redundancy Postition of 7
----------- Remove redundancy Postition of 7
----------- Remove redundancy Postition of 7
----------- Remove redundancy Postition of 7
----------- Remove redundancy Postition of 7
inside Exclude column wise 4
----------- Remove redundancy Postition of 7
----------- Remove redundancy Postition of 7
----------- Remove redundancy Postition of 7
----------- Remove redundancy Postition of 7
----------- Remove redundancy Postition of 7
----------- Remove redundancy Postition of 7
----------- Remove redundancy Postition of 7
----------- Remove redundancy Postition of 7
----------- Remove redundancy Postition of 7
inside Exclude column wise 5
----------- Remove redundancy Postition of 7
----------- Remove redundancy Postition of 7
----------- Remove redundancy Postition of 7
----------- Remove redundancy Postition of 7
----------- Remove redundancy Postition of 7
----------- Remove redundancy Postition of 7
----------- Remove redundancy Postition of 7
----------- Remove redundancy Postition of 7
----------- Remove redundancy Postition of 7
inside Exclude column wise 5
----------- Remove redundancy Postition of 7
----------- Remove redundancy Postition of 7
----------- Remove redundancy Postition of 7
----------- Remove redundancy Postition of 7
----------- Remove redundancy Postition of 7
----------- Remove redundancy Postition of 7
----------- Remove redundancy Postition of 7
----------- Remove redundancy Postition of 7
----------- Remove redundancy Postition of 7
inside Exclude column wise 5
----------- Remove redundancy Postition of 7
----------- Remove redundancy Postition of 7
----------- Remove redundancy Postition of 7
----------- Remove redundancy Postition of 7
----------- Remove redundancy Postition of 7
----------- Remove redundancy Postition of 7
----------- Remove redundancy Postition of 7
----------- Remove redundancy Postition of 7
----------- Remove redundancy Postition of 7
inside Exclude column wise 5
----------- Remove redundancy Postition of 7
----------- Remove redundancy Postition of 7
----------- Remove redundancy Postition of 7
----------- Remove redundancy Postition of 7
----------- Remove redundancy Postition of 7
----------- Remove redundancy Postition of 7
----------- Remove redundancy Postition of 7
----------- Remove redundancy Postition of 7
----------- Remove redundancy Postition of 7
inside Exclude column wise 5
----------- Remove redundancy Postition of 7
----------- Remove redundancy Postition of 7
----------- Remove redundancy Postition of 7
----------- Remove redundancy Postition of 7
----------- Remove redundancy Postition of 7
----------- Remove redundancy Postition of 7
----------- Remove redundancy Postition of 7
----------- Remove redundancy Postition of 7
----------- Remove redundancy Postition of 7
inside Exclude column wise 5
----------- Remove redundancy Postition of 7
----------- Remove redundancy Postition of 7
----------- Remove redundancy Postition of 7
----------- Remove redundancy Postition of 7
----------- Remove redundancy Postition of 7
----------- Remove redundancy Postition of 7
----------- Remove redundancy Postition of 7
----------- Remove redundancy Postition of 7
----------- Remove redundancy Postition of 7
inside Exclude column wise 5
----------- Remove redundancy Postition of 7
----------- Remove redundancy Postition of 7
----------- Remove redundancy Postition of 7
----------- Remove redundancy Postition of 7
----------- Remove redundancy Postition of 7
----------- Remove redundancy Postition of 7
----------- Remove redundancy Postition of 7
----------- Remove redundancy Postition of 7
----------- Remove redundancy Postition of 7
inside Exclude column wise 5
----------- Remove redundancy Postition of 7
----------- Remove redundancy Postition of 7
----------- Remove redundancy Postition of 7
----------- Remove redundancy Postition of 7
----------- Remove redundancy Postition of 7
----------- Remove redundancy Postition of 7
----------- Remove redundancy Postition of 7
----------- Remove redundancy Postition of 7
----------- Remove redundancy Postition of 7
inside Exclude column wise 5
----------- Remove redundancy Postition of 7
----------- Remove redundancy Postition of 7
----------- Remove redundancy Postition of 7
----------- Remove redundancy Postition of 7
----------- Remove redundancy Postition of 7
----------- Remove redundancy Postition of 7
----------- Remove redundancy Postition of 7
----------- Remove redundancy Postition of 7
----------- Remove redundancy Postition of 7
inside Exclude column wise 6
----------- Remove redundancy Postition of 7
----------- Remove redundancy Postition of 7
----------- Remove redundancy Postition of 7
----------- Remove redundancy Postition of 7
----------- Remove redundancy Postition of 7
----------- Remove redundancy Postition of 7
----------- Remove redundancy Postition of 7
----------- Remove redundancy Postition of 7
----------- Remove redundancy Postition of 7
inside Exclude column wise 6
----------- Remove redundancy Postition of 7
----------- Remove redundancy Postition of 7
----------- Remove redundancy Postition of 7
----------- Remove redundancy Postition of 7
----------- Remove redundancy Postition of 7
----------- Remove redundancy Postition of 7
----------- Remove redundancy Postition of 7
----------- Remove redundancy Postition of 7
----------- Remove redundancy Postition of 7
inside Exclude column wise 6
----------- Remove redundancy Postition of 7
----------- Remove redundancy Postition of 7
----------- Remove redundancy Postition of 7
----------- Remove redundancy Postition of 7
----------- Remove redundancy Postition of 7
----------- Remove redundancy Postition of 7
----------- Remove redundancy Postition of 7
----------- Remove redundancy Postition of 7
----------- Remove redundancy Postition of 7
inside Exclude column wise 6
----------- Remove redundancy Postition of 7
----------- Remove redundancy Postition of 7
----------- Remove redundancy Postition of 7
----------- Remove redundancy Postition of 7
----------- Remove redundancy Postition of 7
----------- Remove redundancy Postition of 7
----------- Remove redundancy Postition of 7
----------- Remove redundancy Postition of 7
----------- Remove redundancy Postition of 7
inside Exclude column wise 6
----------- Remove redundancy Postition of 7
----------- Remove redundancy Postition of 7
----------- Remove redundancy Postition of 7
----------- Remove redundancy Postition of 7
----------- Remove redundancy Postition of 7
----------- Remove redundancy Postition of 7
----------- Remove redundancy Postition of 7
----------- Remove redundancy Postition of 7
----------- Remove redundancy Postition of 7
inside Exclude column wise 6
----------- Remove redundancy Postition of 7
----------- Remove redundancy Postition of 7
----------- Remove redundancy Postition of 7
----------- Remove redundancy Postition of 7
----------- Remove redundancy Postition of 7
----------- Remove redundancy Postition of 7
----------- Remove redundancy Postition of 7
----------- Remove redundancy Postition of 7
----------- Remove redundancy Postition of 7
inside Exclude column wise 6
----------- Remove redundancy Postition of 7
----------- Remove redundancy Postition of 7
----------- Remove redundancy Postition of 7
----------- Remove redundancy Postition of 7
----------- Remove redundancy Postition of 7
----------- Remove redundancy Postition of 7
----------- Remove redundancy Postition of 7
----------- Remove redundancy Postition of 7
----------- Remove redundancy Postition of 7
inside Exclude column wise 6
----------- Remove redundancy Postition of 7
----------- Remove redundancy Postition of 7
----------- Remove redundancy Postition of 7
----------- Remove redundancy Postition of 7
----------- Remove redundancy Postition of 7
----------- Remove redundancy Postition of 7
----------- Remove redundancy Postition of 7
----------- Remove redundancy Postition of 7
----------- Remove redundancy Postition of 7
inside Exclude column wise 6
----------- Remove redundancy Postition of 7
----------- Remove redundancy Postition of 7
----------- Remove redundancy Postition of 7
----------- Remove redundancy Postition of 7
----------- Remove redundancy Postition of 7
----------- Remove redundancy Postition of 7
----------- Remove redundancy Postition of 7
----------- Remove redundancy Postition of 7
----------- Remove redundancy Postition of 7
inside Exclude column wise 7
----------- Remove redundancy Postition of 7
----------- Remove redundancy Postition of 7
----------- Remove redundancy Postition of 7
----------- Remove redundancy Postition of 7
----------- Remove redundancy Postition of 7
----------- Remove redundancy Postition of 7
----------- Remove redundancy Postition of 7
----------- Remove redundancy Postition of 7
----------- Remove redundancy Postition of 7
inside Exclude column wise 7
----------- Remove redundancy Postition of 7
----------- Remove redundancy Postition of 7
----------- Remove redundancy Postition of 7
----------- Remove redundancy Postition of 7
----------- Remove redundancy Postition of 7
----------- Remove redundancy Postition of 7
----------- Remove redundancy Postition of 7
----------- Remove redundancy Postition of 7
----------- Remove redundancy Postition of 7
inside Exclude column wise 7
----------- Remove redundancy Postition of 7
----------- Remove redundancy Postition of 7
----------- Remove redundancy Postition of 7
----------- Remove redundancy Postition of 7
----------- Remove redundancy Postition of 7
----------- Remove redundancy Postition of 7
----------- Remove redundancy Postition of 7
----------- Remove redundancy Postition of 7
----------- Remove redundancy Postition of 7
inside Exclude column wise 7
----------- Remove redundancy Postition of 7
----------- Remove redundancy Postition of 7
----------- Remove redundancy Postition of 7
----------- Remove redundancy Postition of 7
----------- Remove redundancy Postition of 7
----------- Remove redundancy Postition of 7
----------- Remove redundancy Postition of 7
----------- Remove redundancy Postition of 7
----------- Remove redundancy Postition of 7
inside Exclude column wise 7
----------- Remove redundancy Postition of 7
----------- Remove redundancy Postition of 7
----------- Remove redundancy Postition of 7
----------- Remove redundancy Postition of 7
----------- Remove redundancy Postition of 7
----------- Remove redundancy Postition of 7
----------- Remove redundancy Postition of 7
----------- Remove redundancy Postition of 7
----------- Remove redundancy Postition of 7
inside Exclude column wise 7
----------- Remove redundancy Postition of 7
----------- Remove redundancy Postition of 7
----------- Remove redundancy Postition of 7
----------- Remove redundancy Postition of 7
----------- Remove redundancy Postition of 7
----------- Remove redundancy Postition of 7
----------- Remove redundancy Postition of 7
----------- Remove redundancy Postition of 7
----------- Remove redundancy Postition of 7
inside Exclude column wise 7
----------- Remove redundancy Postition of 7
----------- Remove redundancy Postition of 7
----------- Remove redundancy Postition of 7
----------- Remove redundancy Postition of 7
----------- Remove redundancy Postition of 7
----------- Remove redundancy Postition of 7
----------- Remove redundancy Postition of 7
----------- Remove redundancy Postition of 7
----------- Remove redundancy Postition of 7
inside Exclude column wise 7
----------- Remove redundancy Postition of 7
----------- Remove redundancy Postition of 7
----------- Remove redundancy Postition of 7
----------- Remove redundancy Postition of 7
----------- Remove redundancy Postition of 7
----------- Remove redundancy Postition of 7
----------- Remove redundancy Postition of 7
----------- Remove redundancy Postition of 7
----------- Remove redundancy Postition of 7
inside Exclude column wise 7
----------- Remove redundancy Postition of 7
----------- Remove redundancy Postition of 7
----------- Remove redundancy Postition of 7
----------- Remove redundancy Postition of 7
----------- Remove redundancy Postition of 7
----------- Remove redundancy Postition of 7
----------- Remove redundancy Postition of 7
----------- Remove redundancy Postition of 7
----------- Remove redundancy Postition of 7
inside Exclude column wise 8
----------- Remove redundancy Postition of 7
----------- Remove redundancy Postition of 7
----------- Remove redundancy Postition of 7
----------- Remove redundancy Postition of 7
----------- Remove redundancy Postition of 7
----------- Remove redundancy Postition of 7
----------- Remove redundancy Postition of 7
----------- Remove redundancy Postition of 7
----------- Remove redundancy Postition of 7
inside Exclude column wise 8
----------- Remove redundancy Postition of 7
----------- Remove redundancy Postition of 7
----------- Remove redundancy Postition of 7
----------- Remove redundancy Postition of 7
----------- Remove redundancy Postition of 7
----------- Remove redundancy Postition of 7
----------- Remove redundancy Postition of 7
----------- Remove redundancy Postition of 7
----------- Remove redundancy Postition of 7
inside Exclude column wise 8
----------- Remove redundancy Postition of 7
----------- Remove redundancy Postition of 7
----------- Remove redundancy Postition of 7
----------- Remove redundancy Postition of 7
----------- Remove redundancy Postition of 7
----------- Remove redundancy Postition of 7
----------- Remove redundancy Postition of 7
----------- Remove redundancy Postition of 7
----------- Remove redundancy Postition of 7
inside Exclude column wise 8
----------- Remove redundancy Postition of 7
----------- Remove redundancy Postition of 7
----------- Remove redundancy Postition of 7
----------- Remove redundancy Postition of 7
----------- Remove redundancy Postition of 7
----------- Remove redundancy Postition of 7
----------- Remove redundancy Postition of 7
----------- Remove redundancy Postition of 7
----------- Remove redundancy Postition of 7
inside Exclude column wise 8
----------- Remove redundancy Postition of 7
----------- Remove redundancy Postition of 7
----------- Remove redundancy Postition of 7
----------- Remove redundancy Postition of 7
----------- Remove redundancy Postition of 7
----------- Remove redundancy Postition of 7
----------- Remove redundancy Postition of 7
----------- Remove redundancy Postition of 7
----------- Remove redundancy Postition of 7
inside Exclude column wise 8
----------- Remove redundancy Postition of 7
----------- Remove redundancy Postition of 7
----------- Remove redundancy Postition of 7
----------- Remove redundancy Postition of 7
----------- Remove redundancy Postition of 7
----------- Remove redundancy Postition of 7
----------- Remove redundancy Postition of 7
----------- Remove redundancy Postition of 7
----------- Remove redundancy Postition of 7
inside Exclude column wise 8
----------- Remove redundancy Postition of 7
----------- Remove redundancy Postition of 7
----------- Remove redundancy Postition of 7
----------- Remove redundancy Postition of 7
----------- Remove redundancy Postition of 7
----------- Remove redundancy Postition of 7
----------- Remove redundancy Postition of 7
----------- Remove redundancy Postition of 7
----------- Remove redundancy Postition of 7
inside Exclude column wise 8
----------- Remove redundancy Postition of 7
----------- Remove redundancy Postition of 7
----------- Remove redundancy Postition of 7
----------- Remove redundancy Postition of 7
----------- Remove redundancy Postition of 7
----------- Remove redundancy Postition of 7
----------- Remove redundancy Postition of 7
----------- Remove redundancy Postition of 7
----------- Remove redundancy Postition of 7
inside Exclude column wise 8
----------- Remove redundancy Postition of 7
----------- Remove redundancy Postition of 7
----------- Remove redundancy Postition of 7
----------- Remove redundancy Postition of 7
----------- Remove redundancy Postition of 7
----------- Remove redundancy Postition of 7
----------- Remove redundancy Postition of 7
----------- Remove redundancy Postition of 7
----------- Remove redundancy Postition of 7
----------- Remove redundancy Postition of 7
----------- Remove redundancy Postition of 7
----------- Remove redundancy Postition of 7
----------- Remove redundancy Postition of 7
----------- Remove redundancy Postition of 7
----------- Remove redundancy Postition of 7
----------- Remove redundancy Postition of 7
----------- Remove redundancy Postition of 7
----------- Remove redundancy Postition of 7
----------- Remove redundancy Postition of 7
----------- Remove redundancy Postition of 7
----------- Remove redundancy Postition of 7
----------- Remove redundancy Postition of 7
----------- Remove redundancy Postition of 7
----------- Remove redundancy Postition of 7
----------- Remove redundancy Postition of 7
----------- Remove redundancy Postition of 7
----------- Remove redundancy Postition of 7
----------- Remove redundancy Postition of 7
----------- Remove redundancy Postition of 7
----------- Remove redundancy Postition of 7
----------- Remove redundancy Postition of 7
----------- Remove redundancy Postition of 7
----------- Remove redundancy Postition of 7
----------- Remove redundancy Postition of 7
----------- Remove redundancy Postition of 7
----------- Remove redundancy Postition of 7
----------- Remove redundancy Postition of 7
----------- Remove redundancy Postition of 7
----------- Remove redundancy Postition of 7
----------- Remove redundancy Postition of 7
----------- Remove redundancy Postition of 7
----------- Remove redundancy Postition of 7
----------- Remove redundancy Postition of 7
----------- Remove redundancy Postition of 7
----------- Remove redundancy Postition of 7
----------- Remove redundancy Postition of 7
----------- Remove redundancy Postition of 7
----------- Remove redundancy Postition of 7
----------- Remove redundancy Postition of 7
----------- Remove redundancy Postition of 7
----------- Remove redundancy Postition of 7
----------- Remove redundancy Postition of 7
----------- Remove redundancy Postition of 7
----------- Remove redundancy Postition of 7
----------- Remove redundancy Postition of 7
----------- Remove redundancy Postition of 7
----------- Remove redundancy Postition of 7
----------- Remove redundancy Postition of 7
----------- Remove redundancy Postition of 7
----------- Remove redundancy Postition of 7
----------- Remove redundancy Postition of 7
----------- Remove redundancy Postition of 7
----------- Remove redundancy Postition of 7
----------- Remove redundancy Postition of 7
----------- Remove redundancy Postition of 7
----------- Remove redundancy Postition of 7
----------- Remove redundancy Postition of 7
----------- Remove redundancy Postition of 7
----------- Remove redundancy Postition of 7
----------- Remove redundancy Postition of 7
----------- Remove redundancy Postition of 7
----------- Remove redundancy Postition of 7
----------- Remove redundancy Postition of 7
----------- Remove redundancy Postition of 7
----------- Remove redundancy Postition of 7
----------- Remove redundancy Postition of 7
----------- Remove redundancy Postition of 7
----------- Remove redundancy Postition of 7
----------- Remove redundancy Postition of 7
----------- Remove redundancy Postition of 7
----------- Remove redundancy Postition of 7
----------- Remove redundancy Postition of 7
----------- Remove redundancy Postition of 7
----------- Remove redundancy Postition of 7
----------- Remove redundancy Postition of 7
----------- Remove redundancy Postition of 7
----------- Remove redundancy Postition of 7
----------- Remove redundancy Postition of 7
----------- Remove redundancy Postition of 7
----------- Remove redundancy Postition of 7
----------- Remove redundancy Postition of 7
----------- Remove redundancy Postition of 7
----------- Remove redundancy Postition of 7
----------- Remove redundancy Postition of 7
----------- Remove redundancy Postition of 7
----------- Remove redundancy Postition of 7
----------- Remove redundancy Postition of 7
----------- Remove redundancy Postition of 7
----------- Remove redundancy Postition of 7
----------- Remove redundancy Postition of 7
----------- Remove redundancy Postition of 7
----------- Remove redundancy Postition of 7
----------- Remove redundancy Postition of 7
----------- Remove redundancy Postition of 7
----------- Remove redundancy Postition of 7
----------- Remove redundancy Postition of 7
----------- Remove redundancy Postition of 7
----------- Remove redundancy Postition of 7
----------- Remove redundancy Postition of 7
----------- Remove redundancy Postition of 7
----------- Remove redundancy Postition of 7
----------- Remove redundancy Postition of 7
----------- Remove redundancy Postition of 7
----------- Remove redundancy Postition of 7
----------- Remove redundancy Postition of 7
----------- Remove redundancy Postition of 7
----------- Remove redundancy Postition of 7
----------- Remove redundancy Postition of 7
----------- Remove redundancy Postition of 7
----------- Remove redundancy Postition of 7
----------- Remove redundancy Postition of 7
----------- Remove redundancy Postition of 7
----------- Remove redundancy Postition of 7
----------- Remove redundancy Postition of 7
----------- Remove redundancy Postition of 7
----------- Remove redundancy Postition of 7
----------- Remove redundancy Postition of 7
----------- Remove redundancy Postition of 7
----------- Remove redundancy Postition of 7
----------- Remove redundancy Postition of 7
----------- Remove redundancy Postition of 7
----------- Remove redundancy Postition of 7
----------- Remove redundancy Postition of 7
----------- Remove redundancy Postition of 7
----------- Remove redundancy Postition of 7
----------- Remove redundancy Postition of 7
----------- Remove redundancy Postition of 7
----------- Remove redundancy Postition of 7
----------- Remove redundancy Postition of 7
----------- Remove redundancy Postition of 7
----------- Remove redundancy Postition of 7
----------- Remove redundancy Postition of 7
----------- Remove redundancy Postition of 7
----------- Remove redundancy Postition of 7
current o value is 4
19        4        2        5        13689        13689        7        38        369        
5        7        3        68        689        2        89        1        4        
19        69        8        1346        13469        7        2        5        369        
2        59        7        138        13589        13589        4        6        39        
3        59        6        47        47        589        589        2        1        
89        1        4        368        2        35689        589        38        7        
4        2        1        9        56        56        3        7        8        
7        8        9        2        13        13        6        4        5        
6        3        5        78        78        4        1        9        2        
i  :2,
i  :
i  :
i  :
i  :5,
i  :
i  :7,
i  :
i  :
vertices list 
i  :4,5,
i  :3,
i  :4,5,
i  :8,
i  :1,2,
i  :1,2,
i  :6,7,
i  :6,7,
i  :0,
going to remove element 1 from position 74
current o value is 4
19        4        2        5        13689        13689        7        38        369        
5        7        3        68        689        2        89        1        4        
19        69        8        1346        13469        7        2        5        369        
2        59        7        138        13589        13589        4        6        39        
3        59        6        47        47        589        589        2        1        
89        1        4        368        2        35689        589        38        7        
4        2        1        9        56        56        3        7        8        
7        8        9        2        13        13        6        4        5        
6        3        5        78        78        4        1        9        2        
i  :2,
i  :
i  :
i  :
i  :5,
i  :
i  :7,
i  :
i  :
vertices list 
i  :4,5,
i  :3,
i  :4,5,
i  :8,
i  :1,2,
i  :1,2,
i  :6,7,
i  :6,7,
i  :0,
going to remove element 3 from position 74
----------- Remove redundancy Postition of 7
19        4        2        5        13689        13689        7        38        369        
5        7        3        68        689        2        89        1        4        
19        69        8        1346        13469        7        2        5        369        
2        59        7        138        13589        13589        4        6        39        
3        59        6        47        47        589        589        2        1        
89        1        4        368        2        35689        589        38        7        
4        2        1        9        56        56        3        7        8        
7        8        9        2                13        6        4        5        
6        3        5        78        78        4        1        9        2        
removing 3
count of this position is : 2
19        4        2        5        13689        13689        7        38        369        
5        7        3        68        689        2        89        1        4        
19        69        8        1346        13469        7        2        5        369        
2        59        7        138        13589        13589        4        6        39        
3        59        6        47        47        589        589        2        1        
89        1        4        368        2        35689        589        38        7        
4        2        1        9        56        56        3        7        8        
7        8        9        2                13        6        4        5        
6        3        5        78        78        4        1        9        2        
removing 1
count of this position is : 2
----------- Remove redundancy Postition of 7
----------- Remove redundancy Postition of 7
----------- Remove redundancy Postition of 7
----------- Remove redundancy Postition of 7
----------- Remove redundancy Postition of 7
----------- Remove redundancy Postition of 7
----------- Remove redundancy Postition of 7
----------- Remove redundancy Postition of 7
----------- Remove redundancy Postition of 7
----------- Remove redundancy Postition of 7
----------- Remove redundancy Postition of 7
----------- Remove redundancy Postition of 7
----------- Remove redundancy Postition of 7
----------- Remove redundancy Postition of 7
----------- Remove redundancy Postition of 7
----------- Remove redundancy Postition of 7
----------- Remove redundancy Postition of 7
----------- Remove redundancy Postition of 7
----------- Remove redundancy Postition of 7
----------- Remove redundancy Postition of 7
----------- Remove redundancy Postition of 7
----------- Remove redundancy Postition of 7
----------- Remove redundancy Postition of 7
----------- Remove redundancy Postition of 7
----------- Remove redundancy Postition of 7
----------- Remove redundancy Postition of 7
----------- Remove redundancy Postition of 7
----------- Remove redundancy Postition of 7
----------- Remove redundancy Postition of 7
----------- Remove redundancy Postition of 7
----------- Remove redundancy Postition of 7
----------- Remove redundancy Postition of 7
----------- Remove redundancy Postition of 7
----------- Remove redundancy Postition of 7
----------- Remove redundancy Postition of 7
----------- Remove redundancy Postition of 7
----------- Remove redundancy Postition of 7
----------- Remove redundancy Postition of 7
----------- Remove redundancy Postition of 7
----------- Remove redundancy Postition of 7
----------- Remove redundancy Postition of 7
----------- Remove redundancy Postition of 7
----------- Remove redundancy Postition of 7
----------- Remove redundancy Postition of 7
----------- Remove redundancy Postition of 7
----------- Remove redundancy Postition of 7
----------- Remove redundancy Postition of 7
----------- Remove redundancy Postition of 7
----------- Remove redundancy Postition of 7
----------- Remove redundancy Postition of 7
----------- Remove redundancy Postition of 7
----------- Remove redundancy Postition of 7
----------- Remove redundancy Postition of 7
----------- Remove redundancy Postition of 7
----------- Remove redundancy Postition of 7
----------- Remove redundancy Postition of 7
----------- Remove redundancy Postition of 7
----------- Remove redundancy Postition of 7
----------- Remove redundancy Postition of 7
----------- Remove redundancy Postition of 7
----------- Remove redundancy Postition of 7
----------- Remove redundancy Postition of 7
----------- Remove redundancy Postition of 7
----------- Remove redundancy Postition of 7
----------- Remove redundancy Postition of 7
----------- Remove redundancy Postition of 7
----------- Remove redundancy Postition of 7
----------- Remove redundancy Postition of 7
----------- Remove redundancy Postition of 7
----------- Remove redundancy Postition of 7
----------- Remove redundancy Postition of 7
----------- Remove redundancy Postition of 7
------- In Pair Elimination ---------------
removing 9
removing 9
inside getsegment... movearea, startrow, startcolm 300
inside getsegment... movearea, startrow, startcolm 306
inside getsegment... movearea, startrow, startcolm 303
inside getsegment... movearea, startrow, startcolm 306
inside getsegment... movearea, startrow, startcolm 300
inside getsegment... movearea, startrow, startcolm 330
inside getsegment... movearea, startrow, startcolm 336
inside getsegment... movearea, startrow, startcolm 330
inside getsegment... movearea, startrow, startcolm 333
inside getsegment... movearea, startrow, startcolm 333
inside getsegment... movearea, startrow, startcolm 336
inside getsegment... movearea, startrow, startcolm 363
inside getsegment... movearea, startrow, startcolm 363
inside getsegment... movearea, startrow, startcolm 363
inside getsegment... movearea, startrow, startcolm 363
inside getsegment... movearea, startrow, startcolm 300
inside getsegment... movearea, startrow, startcolm 306
inside getsegment... movearea, startrow, startcolm 303
inside getsegment... movearea, startrow, startcolm 306
inside getsegment... movearea, startrow, startcolm 300
inside getsegment... movearea, startrow, startcolm 330
inside getsegment... movearea, startrow, startcolm 336
inside getsegment... movearea, startrow, startcolm 330
inside getsegment... movearea, startrow, startcolm 333
inside getsegment... movearea, startrow, startcolm 333
inside getsegment... movearea, startrow, startcolm 336
inside getsegment... movearea, startrow, startcolm 363
inside getsegment... movearea, startrow, startcolm 363
inside getsegment... movearea, startrow, startcolm 363
inside getsegment... movearea, startrow, startcolm 363
----------- Remove redundancy Postition of 7
----------- Remove redundancy Postition of 7
----------- Remove redundancy Postition of 7
----------- Remove redundancy Postition of 7
----------- Remove redundancy Postition of 7
----------- Remove redundancy Postition of 7
----------- Remove redundancy Postition of 7
----------- Remove redundancy Postition of 7
----------- Remove redundancy Postition of 7
----------- Remove redundancy Postition of 7
----------- Remove redundancy Postition of 7
----------- Remove redundancy Postition of 7
----------- Remove redundancy Postition of 7
----------- Remove redundancy Postition of 7
----------- Remove redundancy Postition of 7
----------- Remove redundancy Postition of 7
----------- Remove redundancy Postition of 7
----------- Remove redundancy Postition of 7
----------- Remove redundancy Postition of 7
----------- Remove redundancy Postition of 7
----------- Remove redundancy Postition of 7
----------- Remove redundancy Postition of 7
----------- Remove redundancy Postition of 7
----------- Remove redundancy Postition of 7
----------- Remove redundancy Postition of 7
----------- Remove redundancy Postition of 7
----------- Remove redundancy Postition of 7
----------- Remove redundancy Postition of 7
----------- Remove redundancy Postition of 7
----------- Remove redundancy Postition of 7
----------- Remove redundancy Postition of 7
----------- Remove redundancy Postition of 7
----------- Remove redundancy Postition of 7
----------- Remove redundancy Postition of 7
----------- Remove redundancy Postition of 7
----------- Remove redundancy Postition of 7
----------- Remove redundancy Postition of 7
----------- Remove redundancy Postition of 7
----------- Remove redundancy Postition of 7
----------- Remove redundancy Postition of 7
----------- Remove redundancy Postition of 7
----------- Remove redundancy Postition of 7
----------- Remove redundancy Postition of 7
----------- Remove redundancy Postition of 7
----------- Remove redundancy Postition of 7
----------- Remove redundancy Postition of 7
----------- Remove redundancy Postition of 7
----------- Remove redundancy Postition of 7
----------- Remove redundancy Postition of 7
----------- Remove redundancy Postition of 7
----------- Remove redundancy Postition of 7
----------- Remove redundancy Postition of 7
----------- Remove redundancy Postition of 7
----------- Remove redundancy Postition of 7
----------- Remove redundancy Postition of 7
----------- Remove redundancy Postition of 7
----------- Remove redundancy Postition of 7
----------- Remove redundancy Postition of 7
----------- Remove redundancy Postition of 7
----------- Remove redundancy Postition of 7
----------- Remove redundancy Postition of 7
----------- Remove redundancy Postition of 7
----------- Remove redundancy Postition of 7
----------- Remove redundancy Postition of 7
----------- Remove redundancy Postition of 7
----------- Remove redundancy Postition of 7
----------- Remove redundancy Postition of 7
----------- Remove redundancy Postition of 7
----------- Remove redundancy Postition of 7
----------- Remove redundancy Postition of 7
----------- Remove redundancy Postition of 7
----------- Remove redundancy Postition of 7
1        4        2        5        9        3        7        8        6        
5        7        3        8        6        2        9        1        4        
9        6        8        1        4        7        2        5        3        
2        5        7        3        1        8        4        6        9        
3        9        6        4        7        5        8        2        1        
8        1        4        6        2        9        5        3        7        
4        2        1        9        5        6        3        7        8        
7        8        9        2                        6        4        5        
6        3        5        7        8        4        1        9        2</StdOut>
      </Output>
    </UnitTestResult>
  </Results>
</TestRun>