<?xml version="1.0" encoding="UTF-8"?>
<TestRun id="6b95bbd2-38db-4adc-9b67-fbf3090ee1a1" name="Administrator@DESIKAN 2012-08-08 14:44:33" runUser="DESIKAN\Administrator" xmlns="http://microsoft.com/schemas/VisualStudio/TeamTest/2010">
  <TestSettings name="Local" id="f2c4afc6-9382-4691-97df-b6f3a27b204c">
    <Description>These are default test settings for a local test run.</Description>
    <Deployment enabled="false" runDeploymentRoot="Administrator_DESIKAN 2012-08-08 14_44_33">
      <DeploymentItem filename="C:\Documents and Settings\Administrator\my documents\visual studio 2010\Projects\SudokuSolver\SudokuSolver\bin\Debug\SudokuSolver.dll" />
    </Deployment>
    <Execution>
      <TestTypeSpecific />
      <AgentRule name="Execution Agents">
      </AgentRule>
    </Execution>
  </TestSettings>
  <Times creation="2012-08-08T14:44:33.9843750+05:30" queuing="2012-08-08T14:44:34.6875000+05:30" start="2012-08-08T14:44:34.6875000+05:30" finish="2012-08-08T14:44:35.3125000+05:30" />
  <ResultSummary outcome="Completed">
    <Counters total="1" executed="1" passed="1" error="0" failed="0" timeout="0" aborted="0" inconclusive="0" passedButRunAborted="0" notRunnable="0" notExecuted="0" disconnected="0" warning="0" completed="0" inProgress="0" pending="0" />
  </ResultSummary>
  <TestDefinitions>
    <UnitTest name="TestSolve" storage="c:\documents and settings\administrator\my documents\visual studio 2010\projects\sudokusolver\sudokusolvertest\bin\debug\sudokusolvertest.dll" id="148ee9ca-84ae-922d-ee8d-c3c23005f153">
      <Execution id="f81d9717-7c7b-4b22-9bfc-43b75d0ec284" />
      <TestMethod codeBase="C:/Documents and Settings/Administrator/my documents/visual studio 2010/Projects/SudokuSolver/SudokuSolverTest/bin/Debug/SudokuSolverTest.DLL" adapterTypeName="Microsoft.VisualStudio.TestTools.TestTypes.Unit.UnitTestAdapter, Microsoft.VisualStudio.QualityTools.Tips.UnitTest.Adapter, Version=10.0.0.0, Culture=neutral, PublicKeyToken=b03f5f7f11d50a3a" className="SudokuSolverTest.SudokuTest, SudokuSolverTest, Version=1.0.0.0, Culture=neutral, PublicKeyToken=null" name="TestSolve" />
    </UnitTest>
  </TestDefinitions>
  <TestLists>
    <TestList name="Results Not in a List" id="8c84fa94-04c1-424b-9868-57a2d4851a1d" />
    <TestList name="All Loaded Results" id="19431567-8539-422a-85d7-44ee4e166bda" />
  </TestLists>
  <TestEntries>
    <TestEntry testId="148ee9ca-84ae-922d-ee8d-c3c23005f153" executionId="f81d9717-7c7b-4b22-9bfc-43b75d0ec284" testListId="8c84fa94-04c1-424b-9868-57a2d4851a1d" />
  </TestEntries>
  <Results>
    <UnitTestResult executionId="f81d9717-7c7b-4b22-9bfc-43b75d0ec284" testId="148ee9ca-84ae-922d-ee8d-c3c23005f153" testName="TestSolve" computerName="DESIKAN" duration="00:00:00.0393038" startTime="2012-08-08T14:44:34.7031250+05:30" endTime="2012-08-08T14:44:34.9062500+05:30" testType="13cdc9d9-ddb5-4fa4-a97d-d965ccfc6d4b" outcome="Passed" testListId="8c84fa94-04c1-424b-9868-57a2d4851a1d" relativeResultsDirectory="f81d9717-7c7b-4b22-9bfc-43b75d0ec284">
      <Output>
        <StdOut>got possibility matrix
5        26        289        23679        23789        4        1679        3679        13679        
489        246        7        2369        2389        1        4569        3569        369        
49        1        3        5        79        679        2        679        8        
7        8        25        1        6        2379        579        3579        4        
6        9        145        37        347        37        57        8        2        
3        247        24        279        5        8        679        1        679        
2        37        6        379        1379        5        8        4        179        
789        57        589        4        1279        2679        3        2679        1679        
1        347        49        8        2379        23679        679        2679        5        
i val : 0
i val : 1
i val : 2
i val : 3
i val : 4
i val : 5
i val : 6
i val : 7
i val : 8
After pile Exclusion 
5        26        289        2367        23789        4        167        679        13679        
89        26        7        236        2389        1        4        5        369        
4        1        3        5        79        679        2        679        8        
7        8        5        1        6        2        9        3        4        
6        9        1        37        4        37        5        8        2        
3        24        24        9        5        8        67        1        67        
2        37        6        37        1379        5        8        4        179        
89        5        89        4        1279        679        3        2679        1679        
1        347        49        8        2379        3679        67        2679        5</StdOut>
      </Output>
    </UnitTestResult>
  </Results>
</TestRun>